app/build/intermediates/manifest_merge_blame_file/debug/manifest-merger-blame-debug-report.txt
1<?xml version="1.0" encoding="utf-8"?>
2<manifest xmlns:android="http://schemas.android.com/apk/res/android"
3    package="com.example.kmj_reco"
4    android:versionCode="1"
5    android:versionName="1.0" >
6
7    <uses-sdk
8        android:minSdkVersion="23"
8-->src/main/AndroidManifest.xml
9        android:targetSdkVersion="30" />
9-->src/main/AndroidManifest.xml
10
11    <permission
11-->src/main/AndroidManifest.xml:6:5-8:47
12        android:name="com.example.kmj_reco.permission.MAPS_RECEIVE"
12-->src/main/AndroidManifest.xml:7:9-68
13        android:protectionLevel="signature" />
13-->src/main/AndroidManifest.xml:8:9-44
14
15    <uses-permission android:name="com.example.kmj_reco.permission.MAPS_RECEIVE" />
15-->src/main/AndroidManifest.xml:10:5-84
15-->src/main/AndroidManifest.xml:10:22-81
16    <uses-permission android:name="READ_GSERVICES" />
16-->src/main/AndroidManifest.xml:11:5-54
16-->src/main/AndroidManifest.xml:11:22-51
17    <uses-permission android:name="android.permission.CAMERA" />
17-->src/main/AndroidManifest.xml:12:5-65
17-->src/main/AndroidManifest.xml:12:22-62
18    <uses-permission android:name="android.permission.INTERNET" />
18-->src/main/AndroidManifest.xml:13:5-67
18-->src/main/AndroidManifest.xml:13:22-64
19    <uses-permission android:name="android.permission.SEND_SMS" />
19-->src/main/AndroidManifest.xml:14:5-67
19-->src/main/AndroidManifest.xml:14:22-64
20    <uses-permission android:name="android.permission.ACCESS_COARSE_LOCATION" />
20-->src/main/AndroidManifest.xml:15:5-81
20-->src/main/AndroidManifest.xml:15:22-78
21    <uses-permission android:name="android.permission.ACCESS_FINE_LOCATION" />
21-->src/main/AndroidManifest.xml:16:5-79
21-->src/main/AndroidManifest.xml:16:22-76
22    <uses-permission android:name="android.permission.WRITE_EXTERNAL_STORAGE" />
22-->src/main/AndroidManifest.xml:17:5-81
22-->src/main/AndroidManifest.xml:17:22-78
23    <uses-permission android:name="android.permission.READ_EXTERNAL_STORAGE" />
23-->src/main/AndroidManifest.xml:18:5-80
23-->src/main/AndroidManifest.xml:18:22-77
24    <uses-permission android:name="android.permission.ACCESS_NETWORK_STATE" />
24-->src/main/AndroidManifest.xml:19:5-78
24-->src/main/AndroidManifest.xml:19:22-76
25    <uses-permission android:name="android.permission.ACCESS_WIFI_STATE" />
25-->src/main/AndroidManifest.xml:20:5-75
25-->src/main/AndroidManifest.xml:20:22-73
26    <uses-permission android:name="android.permission.CHANGE_WIFI_STATE" />
26-->src/main/AndroidManifest.xml:21:5-75
26-->src/main/AndroidManifest.xml:21:22-73
27
28    <uses-feature
28-->src/main/AndroidManifest.xml:23:5-25:35
29        android:glEsVersion="0x00020000"
29-->src/main/AndroidManifest.xml:24:9-41
30        android:required="true" />
30-->src/main/AndroidManifest.xml:25:9-32
31    <uses-feature
31-->src/main/AndroidManifest.xml:26:5-28:35
32        android:name="android.hardware.camera"
32-->src/main/AndroidManifest.xml:27:9-47
33        android:required="true" />
33-->src/main/AndroidManifest.xml:28:9-32
34    <uses-feature
34-->[com.journeyapps:zxing-android-embedded:3.6.0] AndroidManifest.xml:28:5-30:36
35        android:name="android.hardware.camera.front"
35-->[com.journeyapps:zxing-android-embedded:3.6.0] AndroidManifest.xml:29:9-53
36        android:required="false" /> <!-- TODO replace above two with next line after Android 4.2 -->
36-->[com.journeyapps:zxing-android-embedded:3.6.0] AndroidManifest.xml:30:9-33
37    <!-- <uses-feature android:name="android.hardware.camera.any"/> -->
38    <uses-feature
38-->[com.journeyapps:zxing-android-embedded:3.6.0] AndroidManifest.xml:33:5-35:36
39        android:name="android.hardware.camera.autofocus"
39-->[com.journeyapps:zxing-android-embedded:3.6.0] AndroidManifest.xml:34:9-57
40        android:required="false" />
40-->[com.journeyapps:zxing-android-embedded:3.6.0] AndroidManifest.xml:35:9-33
41    <uses-feature
41-->[com.journeyapps:zxing-android-embedded:3.6.0] AndroidManifest.xml:36:5-38:36
42        android:name="android.hardware.camera.flash"
42-->[com.journeyapps:zxing-android-embedded:3.6.0] AndroidManifest.xml:37:9-53
43        android:required="false" />
43-->[com.journeyapps:zxing-android-embedded:3.6.0] AndroidManifest.xml:38:9-33
44    <uses-feature
44-->[com.journeyapps:zxing-android-embedded:3.6.0] AndroidManifest.xml:39:5-41:36
45        android:name="android.hardware.screen.landscape"
45-->[com.journeyapps:zxing-android-embedded:3.6.0] AndroidManifest.xml:40:9-57
46        android:required="false" />
46-->[com.journeyapps:zxing-android-embedded:3.6.0] AndroidManifest.xml:41:9-33
47    <uses-feature
47-->[com.journeyapps:zxing-android-embedded:3.6.0] AndroidManifest.xml:42:5-44:36
48        android:name="android.hardware.wifi"
48-->[com.journeyapps:zxing-android-embedded:3.6.0] AndroidManifest.xml:43:9-45
49        android:required="false" />
49-->[com.journeyapps:zxing-android-embedded:3.6.0] AndroidManifest.xml:44:9-33
50
51    <queries>
51-->[com.google.android.gms:play-services-maps:18.1.0] AndroidManifest.xml:30:5-34:15
52
53        <!-- Needs to be explicitly declared on Android R+ -->
54        <package android:name="com.google.android.apps.maps" />
54-->[com.google.android.gms:play-services-maps:18.1.0] AndroidManifest.xml:33:9-64
54-->[com.google.android.gms:play-services-maps:18.1.0] AndroidManifest.xml:33:18-61
55        <!-- For browser content -->
56        <intent>
56-->[com.google.android.gms:play-services-ads-lite:21.3.0] AndroidManifest.xml:31:9-37:18
57            <action android:name="android.intent.action.VIEW" />
57-->[com.google.firebase:firebase-auth:21.0.6] AndroidManifest.xml:34:17-69
57-->[com.google.firebase:firebase-auth:21.0.6] AndroidManifest.xml:34:25-66
58
59            <category android:name="android.intent.category.BROWSABLE" />
59-->[com.google.firebase:firebase-auth:21.0.6] AndroidManifest.xml:37:17-78
59-->[com.google.firebase:firebase-auth:21.0.6] AndroidManifest.xml:37:27-75
60
61            <data android:scheme="https" />
61-->[com.google.firebase:firebase-auth:21.0.6] AndroidManifest.xml:39:17-42:51
61-->[com.google.firebase:firebase-auth:21.0.6] AndroidManifest.xml:42:21-48
62        </intent> <!-- End of browser content -->
63        <!-- For CustomTabsService -->
64        <intent>
64-->[com.google.android.gms:play-services-ads-lite:21.3.0] AndroidManifest.xml:31:9-37:18
65            <action android:name="android.support.customtabs.action.CustomTabsService" />
66        </intent>
67    </queries>
68
69    <uses-permission android:name="android.permission.WAKE_LOCK" />
69-->[com.google.android.gms:play-services-measurement-api:21.1.1] AndroidManifest.xml:24:5-68
69-->[com.google.android.gms:play-services-measurement-api:21.1.1] AndroidManifest.xml:24:22-65
70    <uses-permission android:name="com.google.android.gms.permission.AD_ID" />
70-->[com.google.android.gms:play-services-measurement-api:21.1.1] AndroidManifest.xml:25:5-79
70-->[com.google.android.gms:play-services-measurement-api:21.1.1] AndroidManifest.xml:25:22-76
71    <uses-permission android:name="com.google.android.finsky.permission.BIND_GET_INSTALL_REFERRER_SERVICE" />
71-->[com.google.android.gms:play-services-measurement:21.1.1] AndroidManifest.xml:26:5-110
71-->[com.google.android.gms:play-services-measurement:21.1.1] AndroidManifest.xml:26:22-107
72    <uses-permission android:name="android.permission.RECEIVE_BOOT_COMPLETED" />
72-->[androidx.work:work-runtime:2.7.0] AndroidManifest.xml:27:5-81
72-->[androidx.work:work-runtime:2.7.0] AndroidManifest.xml:27:22-78
73    <uses-permission android:name="android.permission.FOREGROUND_SERVICE" />
73-->[androidx.work:work-runtime:2.7.0] AndroidManifest.xml:28:5-77
73-->[androidx.work:work-runtime:2.7.0] AndroidManifest.xml:28:22-74
74
75    <application
75-->src/main/AndroidManifest.xml:30:5-184:19
76        android:allowBackup="true"
76-->src/main/AndroidManifest.xml:31:9-35
77        android:appComponentFactory="androidx.core.app.CoreComponentFactory"
77-->[androidx.core:core:1.6.0] AndroidManifest.xml:24:18-86
78        android:debuggable="true"
79        android:extractNativeLibs="false"
80        android:hardwareAccelerated="true"
80-->src/main/AndroidManifest.xml:32:9-43
81        android:icon="@mipmap/ic_launcher"
81-->src/main/AndroidManifest.xml:33:9-43
82        android:label="RECO"
82-->src/main/AndroidManifest.xml:34:9-29
83        android:roundIcon="@mipmap/ic_launcher_round"
83-->src/main/AndroidManifest.xml:35:9-54
84        android:supportsRtl="true"
84-->src/main/AndroidManifest.xml:36:9-35
85        android:testOnly="true"
86        android:theme="@style/AppTheme" >
86-->src/main/AndroidManifest.xml:37:9-40
87        <activity android:name="com.example.kmj_reco.Intro" >
87-->src/main/AndroidManifest.xml:38:9-43:20
87-->src/main/AndroidManifest.xml:38:19-40
88            <intent-filter>
88-->src/main/AndroidManifest.xml:39:13-42:29
89                <action android:name="android.intent.action.MAIN" />
89-->src/main/AndroidManifest.xml:40:17-69
89-->src/main/AndroidManifest.xml:40:25-66
90
91                <category android:name="android.intent.category.LAUNCHER" />
91-->src/main/AndroidManifest.xml:41:17-77
91-->src/main/AndroidManifest.xml:41:27-74
92            </intent-filter>
93        </activity>
94        <activity
94-->src/main/AndroidManifest.xml:44:9-50:20
95            android:name="com.example.kmj_reco.DeleteAccountFinish"
95-->src/main/AndroidManifest.xml:45:13-48
96            android:exported="false" >
96-->src/main/AndroidManifest.xml:46:13-37
97            <meta-data
97-->src/main/AndroidManifest.xml:47:13-49:36
98                android:name="android.app.lib_name"
98-->src/main/AndroidManifest.xml:48:17-52
99                android:value="" />
99-->src/main/AndroidManifest.xml:49:17-33
100        </activity>
101        <activity
101-->src/main/AndroidManifest.xml:51:9-53:40
102            android:name="com.example.kmj_reco.NoticeAdmin"
102-->src/main/AndroidManifest.xml:52:13-40
103            android:exported="false" />
103-->src/main/AndroidManifest.xml:53:13-37
104
105        <uses-library android:name="com.google.android.maps" />
105-->src/main/AndroidManifest.xml:55:9-64
105-->src/main/AndroidManifest.xml:55:23-61
106        <uses-library
106-->src/main/AndroidManifest.xml:56:9-58:40
107            android:name="org.apache.http.legacy"
107-->src/main/AndroidManifest.xml:57:13-50
108            android:required="false" />
108-->src/main/AndroidManifest.xml:58:13-37
109
110        <activity android:name="com.example.kmj_reco.InformationActivity" />
110-->src/main/AndroidManifest.xml:60:9-57
110-->src/main/AndroidManifest.xml:60:19-54
111        <activity android:name="com.example.kmj_reco.Home" />
111-->src/main/AndroidManifest.xml:61:9-42
111-->src/main/AndroidManifest.xml:61:19-39
112        <activity android:name="com.example.kmj_reco.MyPageActivity" />
112-->src/main/AndroidManifest.xml:62:9-52
112-->src/main/AndroidManifest.xml:62:19-49
113        <activity
113-->src/main/AndroidManifest.xml:63:9-65:51
114            android:name="com.example.kmj_reco.RegisterActivity"
114-->src/main/AndroidManifest.xml:64:13-45
115            android:usesCleartextTraffic="true" />
115-->src/main/AndroidManifest.xml:65:13-48
116        <activity android:name="com.example.kmj_reco.AdminLogin" />
116-->src/main/AndroidManifest.xml:67:9-48
116-->src/main/AndroidManifest.xml:67:19-45
117        <activity android:name="com.example.kmj_reco.AdminHome" />
117-->src/main/AndroidManifest.xml:68:9-47
117-->src/main/AndroidManifest.xml:68:19-44
118        <activity android:name="com.example.kmj_reco.LoginAdmin" />
118-->src/main/AndroidManifest.xml:69:9-48
118-->src/main/AndroidManifest.xml:69:19-45
119        <activity android:name="com.example.kmj_reco.RecobinAdmin" />
119-->src/main/AndroidManifest.xml:71:9-49
119-->src/main/AndroidManifest.xml:71:19-47
120        <activity android:name="com.example.kmj_reco.RecobinAdminEdit" />
120-->src/main/AndroidManifest.xml:72:9-53
120-->src/main/AndroidManifest.xml:72:19-51
121        <activity android:name="com.example.kmj_reco.RecobinAdminAdd" />
121-->src/main/AndroidManifest.xml:73:9-52
121-->src/main/AndroidManifest.xml:73:19-50
122        <activity android:name="com.example.kmj_reco.ServiceAdmin" />
122-->src/main/AndroidManifest.xml:75:9-49
122-->src/main/AndroidManifest.xml:75:19-47
123        <activity android:name="com.example.kmj_reco.ServiceAdminDetail" />
123-->src/main/AndroidManifest.xml:76:9-55
123-->src/main/AndroidManifest.xml:76:19-53
124        <activity android:name="com.example.kmj_reco.ServiceCenterActivity" />
124-->src/main/AndroidManifest.xml:78:9-59
124-->src/main/AndroidManifest.xml:78:19-56
125        <activity android:name="com.example.kmj_reco.ServiceDetailActivity" />
125-->src/main/AndroidManifest.xml:79:9-59
125-->src/main/AndroidManifest.xml:79:19-56
126        <activity android:name="com.example.kmj_reco.ServiceHistoryActivity" />
126-->src/main/AndroidManifest.xml:80:9-59
126-->src/main/AndroidManifest.xml:80:19-57
127        <activity
127-->src/main/AndroidManifest.xml:82:9-84:40
128            android:name="com.example.kmj_reco.CouponAdminDetail2Edit"
128-->src/main/AndroidManifest.xml:83:13-51
129            android:exported="false" />
129-->src/main/AndroidManifest.xml:84:13-37
130        <activity
130-->src/main/AndroidManifest.xml:85:9-87:40
131            android:name="com.example.kmj_reco.CouponAdminDetail2Plus"
131-->src/main/AndroidManifest.xml:86:13-51
132            android:exported="false" />
132-->src/main/AndroidManifest.xml:87:13-37
133        <activity
133-->src/main/AndroidManifest.xml:88:9-90:40
134            android:name="com.example.kmj_reco.CouponAdminDetailPlus"
134-->src/main/AndroidManifest.xml:89:13-50
135            android:exported="false" />
135-->src/main/AndroidManifest.xml:90:13-37
136        <activity
136-->src/main/AndroidManifest.xml:91:9-93:40
137            android:name="com.example.kmj_reco.CouponHistoryDetail"
137-->src/main/AndroidManifest.xml:92:13-48
138            android:exported="false" />
138-->src/main/AndroidManifest.xml:93:13-37
139        <activity
139-->src/main/AndroidManifest.xml:94:9-96:40
140            android:name="com.example.kmj_reco.CouponAdminDetail2"
140-->src/main/AndroidManifest.xml:95:13-47
141            android:exported="false" />
141-->src/main/AndroidManifest.xml:96:13-37
142        <activity
142-->src/main/AndroidManifest.xml:97:9-99:40
143            android:name="com.example.kmj_reco.CouponAdminDetail"
143-->src/main/AndroidManifest.xml:98:13-46
144            android:exported="false" />
144-->src/main/AndroidManifest.xml:99:13-37
145        <activity
145-->src/main/AndroidManifest.xml:100:9-103:45
146            android:name="com.example.kmj_reco.BuyFinish"
146-->src/main/AndroidManifest.xml:101:13-38
147            android:exported="false" />
147-->src/main/AndroidManifest.xml:102:13-37
148        <activity
148-->src/main/AndroidManifest.xml:104:9-107:45
149            android:name="com.example.kmj_reco.BuyCoupon"
149-->src/main/AndroidManifest.xml:105:13-38
150            android:exported="false" />
150-->src/main/AndroidManifest.xml:106:13-37
151        <activity
151-->src/main/AndroidManifest.xml:108:9-110:40
152            android:name="com.example.kmj_reco.CouponHistory"
152-->src/main/AndroidManifest.xml:109:13-42
153            android:exported="false" />
153-->src/main/AndroidManifest.xml:110:13-37
154        <activity
154-->src/main/AndroidManifest.xml:111:9-113:40
155            android:name="com.example.kmj_reco.Alert"
155-->src/main/AndroidManifest.xml:112:13-34
156            android:exported="false" />
156-->src/main/AndroidManifest.xml:113:13-37
157        <activity
157-->src/main/AndroidManifest.xml:114:9-116:40
158            android:name="com.example.kmj_reco.CouponDetail"
158-->src/main/AndroidManifest.xml:115:13-41
159            android:exported="false" />
159-->src/main/AndroidManifest.xml:116:13-37
160        <activity
160-->src/main/AndroidManifest.xml:117:9-119:40
161            android:name="com.example.kmj_reco.Coupon"
161-->src/main/AndroidManifest.xml:118:13-35
162            android:exported="false" />
162-->src/main/AndroidManifest.xml:119:13-37
163        <activity
163-->src/main/AndroidManifest.xml:120:9-122:40
164            android:name="com.example.kmj_reco.CouponAdmin"
164-->src/main/AndroidManifest.xml:121:13-40
165            android:exported="false" />
165-->src/main/AndroidManifest.xml:122:13-37
166        <activity
166-->src/main/AndroidManifest.xml:123:9-125:40
167            android:name="com.example.kmj_reco.Settings"
167-->src/main/AndroidManifest.xml:124:13-37
168            android:exported="false" />
168-->src/main/AndroidManifest.xml:125:13-37
169        <activity
169-->src/main/AndroidManifest.xml:126:9-128:40
170            android:name="com.example.kmj_reco.QrActivity"
170-->src/main/AndroidManifest.xml:127:13-39
171            android:exported="false" />
171-->src/main/AndroidManifest.xml:128:13-37
172        <activity
172-->src/main/AndroidManifest.xml:129:9-131:52
173            android:name="com.example.kmj_reco.CameraActivity"
173-->src/main/AndroidManifest.xml:130:13-43
174            android:screenOrientation="portrait" />
174-->src/main/AndroidManifest.xml:131:13-49
175        <activity android:name="com.example.kmj_reco.CameraSuccess" />
175-->src/main/AndroidManifest.xml:132:9-51
175-->src/main/AndroidManifest.xml:132:19-48
176        <activity android:name="com.example.kmj_reco.Map" />
176-->src/main/AndroidManifest.xml:133:9-41
176-->src/main/AndroidManifest.xml:133:19-38
177        <activity
177-->src/main/AndroidManifest.xml:134:9-136:79
178            android:name="com.example.kmj_reco.RecobinDetail"
178-->src/main/AndroidManifest.xml:135:13-42
179            android:theme="@android:style/Theme.DeviceDefault.Light.Dialog" />
179-->src/main/AndroidManifest.xml:136:13-76
180        <activity
180-->src/main/AndroidManifest.xml:137:9-139:79
181            android:name="com.example.kmj_reco.AddressDetail"
181-->src/main/AndroidManifest.xml:138:13-42
182            android:theme="@android:style/Theme.DeviceDefault.Light.Dialog" />
182-->src/main/AndroidManifest.xml:139:13-76
183        <activity android:name="com.example.kmj_reco.QuizMain" />
183-->src/main/AndroidManifest.xml:140:9-46
183-->src/main/AndroidManifest.xml:140:19-43
184        <activity
184-->src/main/AndroidManifest.xml:141:9-143:79
185            android:name="com.example.kmj_reco.QuizFail"
185-->src/main/AndroidManifest.xml:142:13-37
186            android:theme="@android:style/Theme.DeviceDefault.Light.Dialog" />
186-->src/main/AndroidManifest.xml:143:13-76
187        <activity
187-->src/main/AndroidManifest.xml:144:9-146:79
188            android:name="com.example.kmj_reco.QuizSuccess"
188-->src/main/AndroidManifest.xml:145:13-40
189            android:theme="@android:style/Theme.DeviceDefault.Light.Dialog" />
189-->src/main/AndroidManifest.xml:146:13-76
190        <activity android:name="com.example.kmj_reco.QuizAnswer" />
190-->src/main/AndroidManifest.xml:147:9-48
190-->src/main/AndroidManifest.xml:147:19-45
191        <activity android:name="com.example.kmj_reco.Event" />
191-->src/main/AndroidManifest.xml:148:9-43
191-->src/main/AndroidManifest.xml:148:19-40
192        <activity android:name="com.example.kmj_reco.Notice" />
192-->src/main/AndroidManifest.xml:149:9-44
192-->src/main/AndroidManifest.xml:149:19-41
193        <activity android:name="com.example.kmj_reco.NoticeDetail" />
193-->src/main/AndroidManifest.xml:150:9-50
193-->src/main/AndroidManifest.xml:150:19-47
194        <activity android:name="com.example.kmj_reco.PersonalInfo" />
194-->src/main/AndroidManifest.xml:151:9-50
194-->src/main/AndroidManifest.xml:151:19-47
195        <activity
195-->src/main/AndroidManifest.xml:152:9-160:20
196            android:name="com.example.kmj_reco.LoginActivity"
196-->src/main/AndroidManifest.xml:153:13-42
197            android:label="@string/app_name" >
197-->src/main/AndroidManifest.xml:154:13-45
198            <intent-filter>
198-->src/main/AndroidManifest.xml:39:13-42:29
199                <action android:name="android.intent.action.MAIN" />
199-->src/main/AndroidManifest.xml:40:17-69
199-->src/main/AndroidManifest.xml:40:25-66
200
201                <category android:name="android.intent.category.LAUNCHER" />
201-->src/main/AndroidManifest.xml:41:17-77
201-->src/main/AndroidManifest.xml:41:27-74
202            </intent-filter>
203        </activity>
204
205        <provider
205-->src/main/AndroidManifest.xml:162:9-170:20
206            android:name="androidx.core.content.FileProvider"
206-->src/main/AndroidManifest.xml:163:13-62
207            android:authorities="com.example.kmj_reco"
207-->src/main/AndroidManifest.xml:164:13-55
208            android:exported="false"
208-->src/main/AndroidManifest.xml:165:13-37
209            android:grantUriPermissions="true" >
209-->src/main/AndroidManifest.xml:166:13-47
210            <meta-data
210-->src/main/AndroidManifest.xml:167:13-169:54
211                android:name="android.support.FILE_PROVIDER_PATHS"
211-->src/main/AndroidManifest.xml:168:17-67
212                android:resource="@xml/file_paths" />
212-->src/main/AndroidManifest.xml:169:17-51
213        </provider>
214
215        <meta-data
215-->src/main/AndroidManifest.xml:172:9-174:39
216            android:name="com.google.android.gms.vision.DEPENDENCIES"
216-->src/main/AndroidManifest.xml:173:13-70
217            android:value="barcode" />
217-->src/main/AndroidManifest.xml:174:13-36
218        <meta-data
218-->src/main/AndroidManifest.xml:175:9-177:71
219            android:name="com.google.android.geo.API_KEY"
219-->src/main/AndroidManifest.xml:176:13-58
220            android:value="AIzaSyAnc6Nh7exlKrLGoembrNdHMccZ4hffgg8" />
220-->src/main/AndroidManifest.xml:177:13-68
221        <meta-data
221-->src/main/AndroidManifest.xml:178:9-180:69
222            android:name="com.google.android.gms.vision"
222-->src/main/AndroidManifest.xml:179:13-57
223            android:value="@integer/google_play_services_version" />
223-->src/main/AndroidManifest.xml:180:13-66
224        <meta-data
224-->src/main/AndroidManifest.xml:181:9-183:70
225            android:name="com.google.android.gms.ads.APPLICATION_ID"
225-->src/main/AndroidManifest.xml:182:13-69
226            android:value="ca-app-pub-2420353707518425~3355214747" />
226-->src/main/AndroidManifest.xml:183:13-67
227
228        <provider
228-->[com.google.firebase:firebase-perf:20.1.0] AndroidManifest.xml:14:9-18:39
229            android:name="com.google.firebase.perf.provider.FirebasePerfProvider"
229-->[com.google.firebase:firebase-perf:20.1.0] AndroidManifest.xml:15:13-82
230            android:authorities="com.example.kmj_reco.firebaseperfprovider"
230-->[com.google.firebase:firebase-perf:20.1.0] AndroidManifest.xml:16:13-72
231            android:exported="false"
231-->[com.google.firebase:firebase-perf:20.1.0] AndroidManifest.xml:17:13-37
232            android:initOrder="101" />
232-->[com.google.firebase:firebase-perf:20.1.0] AndroidManifest.xml:18:13-36
233
234        <service
234-->[com.google.firebase:firebase-perf:20.1.0] AndroidManifest.xml:20:9-26:19
235            android:name="com.google.firebase.components.ComponentDiscoveryService"
235-->[com.google.firebase:firebase-perf:20.1.0] AndroidManifest.xml:21:13-84
236            android:directBootAware="true"
236-->[com.google.firebase:firebase-common:20.1.2] AndroidManifest.xml:35:13-43
237            android:exported="false" >
237-->[com.google.firebase:firebase-perf:20.1.0] AndroidManifest.xml:22:13-37
238            <meta-data
238-->[com.google.firebase:firebase-perf:20.1.0] AndroidManifest.xml:23:13-25:85
239                android:name="com.google.firebase.components:com.google.firebase.perf.FirebasePerfRegistrar"
239-->[com.google.firebase:firebase-perf:20.1.0] AndroidManifest.xml:24:17-109
240                android:value="com.google.firebase.components.ComponentRegistrar" />
240-->[com.google.firebase:firebase-perf:20.1.0] AndroidManifest.xml:25:17-82
241            <meta-data
241-->[com.google.firebase:firebase-database:20.0.5] AndroidManifest.xml:32:13-34:85
242                android:name="com.google.firebase.components:com.google.firebase.database.DatabaseRegistrar"
242-->[com.google.firebase:firebase-database:20.0.5] AndroidManifest.xml:33:17-109
243                android:value="com.google.firebase.components.ComponentRegistrar" />
243-->[com.google.firebase:firebase-database:20.0.5] AndroidManifest.xml:34:17-82
244            <meta-data
244-->[com.google.firebase:firebase-auth:21.0.6] AndroidManifest.xml:67:13-69:85
245                android:name="com.google.firebase.components:com.google.firebase.auth.FirebaseAuthRegistrar"
245-->[com.google.firebase:firebase-auth:21.0.6] AndroidManifest.xml:68:17-109
246                android:value="com.google.firebase.components.ComponentRegistrar" />
246-->[com.google.firebase:firebase-auth:21.0.6] AndroidManifest.xml:69:17-82
247            <meta-data
247-->[com.google.firebase:firebase-firestore:24.2.1] AndroidManifest.xml:20:13-22:85
248                android:name="com.google.firebase.components:com.google.firebase.firestore.FirestoreRegistrar"
248-->[com.google.firebase:firebase-firestore:24.2.1] AndroidManifest.xml:21:17-111
249                android:value="com.google.firebase.components.ComponentRegistrar" />
249-->[com.google.firebase:firebase-firestore:24.2.1] AndroidManifest.xml:22:17-82
250            <meta-data
250-->[com.google.firebase:firebase-storage:20.0.2] AndroidManifest.xml:33:13-35:85
251                android:name="com.google.firebase.components:com.google.firebase.storage.StorageRegistrar"
251-->[com.google.firebase:firebase-storage:20.0.2] AndroidManifest.xml:34:17-107
252                android:value="com.google.firebase.components.ComponentRegistrar" />
252-->[com.google.firebase:firebase-storage:20.0.2] AndroidManifest.xml:35:17-82
253            <meta-data
253-->[com.google.firebase:firebase-datatransport:18.1.4] AndroidManifest.xml:28:13-30:85
254                android:name="com.google.firebase.components:com.google.firebase.datatransport.TransportRegistrar"
254-->[com.google.firebase:firebase-datatransport:18.1.4] AndroidManifest.xml:29:17-115
255                android:value="com.google.firebase.components.ComponentRegistrar" />
255-->[com.google.firebase:firebase-datatransport:18.1.4] AndroidManifest.xml:30:17-82
256            <meta-data
256-->[com.google.firebase:firebase-config:21.1.1] AndroidManifest.xml:32:13-34:85
257                android:name="com.google.firebase.components:com.google.firebase.remoteconfig.RemoteConfigRegistrar"
257-->[com.google.firebase:firebase-config:21.1.1] AndroidManifest.xml:33:17-117
258                android:value="com.google.firebase.components.ComponentRegistrar" />
258-->[com.google.firebase:firebase-config:21.1.1] AndroidManifest.xml:34:17-82
259            <meta-data
259-->[com.google.android.gms:play-services-measurement-api:21.1.1] AndroidManifest.xml:31:13-33:85
260                android:name="com.google.firebase.components:com.google.firebase.analytics.connector.internal.AnalyticsConnectorRegistrar"
260-->[com.google.android.gms:play-services-measurement-api:21.1.1] AndroidManifest.xml:32:17-139
261                android:value="com.google.firebase.components.ComponentRegistrar" />
261-->[com.google.android.gms:play-services-measurement-api:21.1.1] AndroidManifest.xml:33:17-82
262            <meta-data
262-->[com.google.firebase:firebase-installations:17.0.1] AndroidManifest.xml:18:13-20:85
263                android:name="com.google.firebase.components:com.google.firebase.installations.FirebaseInstallationsRegistrar"
263-->[com.google.firebase:firebase-installations:17.0.1] AndroidManifest.xml:19:17-127
264                android:value="com.google.firebase.components.ComponentRegistrar" />
264-->[com.google.firebase:firebase-installations:17.0.1] AndroidManifest.xml:20:17-82
265            <meta-data
265-->[com.google.firebase:firebase-abt:21.0.1] AndroidManifest.xml:13:13-15:85
266                android:name="com.google.firebase.components:com.google.firebase.abt.component.AbtRegistrar"
266-->[com.google.firebase:firebase-abt:21.0.1] AndroidManifest.xml:14:17-109
267                android:value="com.google.firebase.components.ComponentRegistrar" />
267-->[com.google.firebase:firebase-abt:21.0.1] AndroidManifest.xml:15:17-82
268        </service>
269
270        <activity
270-->[com.journeyapps:zxing-android-embedded:3.6.0] AndroidManifest.xml:47:9-53:63
271            android:name="com.journeyapps.barcodescanner.CaptureActivity"
271-->[com.journeyapps:zxing-android-embedded:3.6.0] AndroidManifest.xml:48:13-74
272            android:clearTaskOnLaunch="true"
272-->[com.journeyapps:zxing-android-embedded:3.6.0] AndroidManifest.xml:49:13-45
273            android:screenOrientation="sensorLandscape"
273-->[com.journeyapps:zxing-android-embedded:3.6.0] AndroidManifest.xml:50:13-56
274            android:stateNotNeeded="true"
274-->[com.journeyapps:zxing-android-embedded:3.6.0] AndroidManifest.xml:51:13-42
275            android:theme="@style/zxing_CaptureTheme"
275-->[com.journeyapps:zxing-android-embedded:3.6.0] AndroidManifest.xml:52:13-54
276            android:windowSoftInputMode="stateAlwaysHidden" />
276-->[com.journeyapps:zxing-android-embedded:3.6.0] AndroidManifest.xml:53:13-60
277        <activity
277-->[com.google.firebase:firebase-auth:21.0.6] AndroidManifest.xml:27:9-44:20
278            android:name="com.google.firebase.auth.internal.GenericIdpActivity"
278-->[com.google.firebase:firebase-auth:21.0.6] AndroidManifest.xml:28:13-80
279            android:excludeFromRecents="true"
279-->[com.google.firebase:firebase-auth:21.0.6] AndroidManifest.xml:29:13-46
280            android:exported="true"